\BOOKMARK [0][-]{chapter*.2}{\376\377\000\315\000n\000d\000i\000c\000e\000\040\000d\000e\000\040\000F\000i\000g\000u\000r\000a\000s}{}% 1
\BOOKMARK [0][-]{chapter*.3}{\376\377\000\315\000n\000d\000i\000c\000e\000\040\000d\000e\000\040\000T\000a\000b\000l\000a\000s}{}% 2
\BOOKMARK [0][-]{chapter.1}{\376\377\000P\000L\000A\000N\000T\000E\000A\000M\000I\000E\000N\000T\000O\000\040\000D\000E\000L\000\040\000P\000R\000O\000B\000L\000E\000M\000A}{}% 3
\BOOKMARK [1][-]{section.1.1}{\376\377\000D\000e\000s\000c\000r\000i\000p\000c\000i\000\363\000n\000\040\000d\000e\000\040\000l\000a\000\040\000R\000e\000a\000l\000i\000d\000a\000d\000\040\000P\000r\000o\000b\000l\000e\000m\000\341\000t\000i\000c\000a}{chapter.1}% 4
\BOOKMARK [1][-]{section.1.2}{\376\377\000F\000o\000r\000m\000u\000l\000a\000c\000i\000\363\000n\000\040\000d\000e\000l\000\040\000P\000r\000o\000b\000l\000e\000m\000a}{chapter.1}% 5
\BOOKMARK [2][-]{subsection.1.2.1}{\376\377\000P\000r\000o\000b\000l\000e\000m\000a\000\040\000G\000e\000n\000e\000r\000a\000l}{section.1.2}% 6
\BOOKMARK [2][-]{subsection.1.2.2}{\376\377\000P\000r\000o\000b\000l\000e\000m\000a\000s\000\040\000E\000s\000p\000e\000c\000\355\000f\000i\000c\000o\000s}{section.1.2}% 7
\BOOKMARK [1][-]{section.1.3}{\376\377\000O\000b\000j\000e\000t\000i\000v\000o\000s\000\040\000d\000e\000\040\000l\000a\000\040\000I\000n\000v\000e\000s\000t\000i\000g\000a\000c\000i\000\363\000n}{chapter.1}% 8
\BOOKMARK [2][-]{subsection.1.3.1}{\376\377\000O\000b\000j\000e\000t\000i\000v\000o\000\040\000G\000e\000n\000e\000r\000a\000l}{section.1.3}% 9
\BOOKMARK [2][-]{subsection.1.3.2}{\376\377\000O\000b\000j\000e\000t\000i\000v\000o\000s\000\040\000E\000s\000p\000e\000c\000\355\000f\000i\000c\000o\000s}{section.1.3}% 10
\BOOKMARK [1][-]{section.1.4}{\376\377\000J\000u\000s\000t\000i\000f\000i\000c\000a\000c\000i\000\363\000n\000\040\000d\000e\000\040\000l\000a\000\040\000I\000n\000v\000e\000s\000t\000i\000g\000a\000c\000i\000\363\000n}{chapter.1}% 11
\BOOKMARK [2][-]{subsection.1.4.1}{\376\377\000T\000e\000\363\000r\000i\000c\000a}{section.1.4}% 12
\BOOKMARK [2][-]{subsection.1.4.2}{\376\377\000P\000r\000\341\000c\000t\000i\000c\000a}{section.1.4}% 13
\BOOKMARK [2][-]{subsection.1.4.3}{\376\377\000M\000e\000t\000o\000d\000o\000l\000\363\000g\000i\000c\000a}{section.1.4}% 14
\BOOKMARK [1][-]{section.1.5}{\376\377\000D\000e\000l\000i\000m\000i\000t\000a\000c\000i\000\363\000n\000\040\000d\000e\000l\000\040\000E\000s\000t\000u\000d\000i\000o}{chapter.1}% 15
\BOOKMARK [2][-]{subsection.1.5.1}{\376\377\000E\000s\000p\000a\000c\000i\000a\000l}{section.1.5}% 16
\BOOKMARK [2][-]{subsection.1.5.2}{\376\377\000T\000e\000m\000p\000o\000r\000a\000l}{section.1.5}% 17
\BOOKMARK [2][-]{subsection.1.5.3}{\376\377\000C\000o\000n\000c\000e\000p\000t\000u\000a\000l}{section.1.5}% 18
\BOOKMARK [1][-]{section.1.6}{\376\377\000H\000i\000p\000\363\000t\000e\000s\000i\000s}{chapter.1}% 19
\BOOKMARK [2][-]{subsection.1.6.1}{\376\377\000H\000i\000p\000\363\000t\000e\000s\000i\000s\000\040\000G\000e\000n\000e\000r\000a\000l}{section.1.6}% 20
\BOOKMARK [2][-]{subsection.1.6.2}{\376\377\000H\000i\000p\000\363\000t\000e\000s\000i\000s\000\040\000E\000s\000p\000e\000c\000\355\000f\000i\000c\000a\000s}{section.1.6}% 21
\BOOKMARK [2][-]{subsection.1.6.3}{\376\377\000M\000a\000t\000r\000i\000z\000\040\000d\000e\000\040\000C\000o\000n\000s\000i\000s\000t\000e\000n\000c\000i\000a}{section.1.6}% 22
\BOOKMARK [0][-]{chapter.2}{\376\377\000M\000A\000R\000C\000O\000\040\000T\000E\000\323\000R\000I\000C\000O}{}% 23
\BOOKMARK [1][-]{section.2.1}{\376\377\000A\000n\000t\000e\000c\000e\000d\000e\000n\000t\000e\000s\000\040\000d\000e\000\040\000l\000a\000\040\000i\000n\000v\000e\000s\000t\000i\000g\000a\000c\000i\000\363\000n}{chapter.2}% 24
\BOOKMARK [2][-]{subsection.2.1.1}{\376\377\000C\000o\000p\000p\000e\000r\000\040\000p\000r\000i\000c\000e\000\040\000e\000s\000t\000i\000m\000a\000t\000i\000o\000n\000\040\000u\000s\000i\000n\000g\000\040\000b\000a\000t\000\040\000a\000l\000g\000o\000r\000i\000t\000h\000m\000\040\000*\000p\000r\000d\000e\000h\000g\000h\000a\000n\000i\0002\0000\0001\0008\000c\000o\000p\000p\000e\000r}{section.2.1}% 25
\BOOKMARK [3][-]{subsubsection.2.1.1.1}{\376\377\000P\000l\000a\000n\000t\000e\000a\000m\000i\000e\000n\000t\000o\000\040\000d\000e\000l\000\040\000P\000r\000o\000b\000l\000e\000m\000a\000\040\000y\000\040\000o\000b\000j\000e\000t\000i\000v\000o\000\040}{subsection.2.1.1}% 26
\BOOKMARK [3][-]{subsubsection.2.1.1.2}{\376\377\000T\000\351\000c\000n\000i\000c\000a\000s\000\040\000e\000m\000p\000l\000e\000a\000d\000a\000s\000\040\000p\000o\000r\000\040\000l\000o\000s\000\040\000a\000u\000t\000o\000r\000e\000s}{subsection.2.1.1}% 27
\BOOKMARK [3][-]{subsubsection.2.1.1.3}{\376\377\000M\000e\000t\000o\000d\000o\000l\000o\000g\000\355\000a\000\040\000e\000m\000p\000l\000e\000a\000d\000a\000\040\000p\000o\000r\000\040\000l\000o\000s\000\040\000a\000u\000t\000o\000r\000e\000s}{subsection.2.1.1}% 28
\BOOKMARK [3][-]{subsubsection.2.1.1.4}{\376\377\000R\000e\000s\000u\000l\000t\000a\000d\000o\000s\000\040\000o\000b\000t\000e\000n\000i\000d\000o\000s}{subsection.2.1.1}% 29
\BOOKMARK [1][-]{section.2.2}{\376\377\000B\000a\000s\000e\000s\000\040\000T\000e\000\363\000r\000i\000c\000a\000s}{chapter.2}% 30
\BOOKMARK [2][-]{subsection.2.2.1}{\376\377\000M\000a\000c\000h\000i\000n\000e\000\040\000L\000e\000a\000r\000n\000i\000n\000g}{section.2.2}% 31
\BOOKMARK [2][-]{subsection.2.2.2}{\376\377\000N\000a\000t\000u\000r\000a\000l\000\040\000L\000a\000n\000g\000u\000a\000g\000e\000\040\000P\000r\000o\000c\000e\000s\000s\000i\000n\000g\000\040\000\050\000N\000L\000P\000\051}{section.2.2}% 32
\BOOKMARK [1][-]{section.2.3}{\376\377\000M\000a\000r\000c\000o\000\040\000C\000o\000n\000c\000e\000p\000t\000u\000a\000l}{chapter.2}% 33
\BOOKMARK [0][-]{chapter.3}{\376\377\000M\000E\000T\000O\000D\000O\000L\000O\000G\000\315\000A\000\040\000D\000E\000\040\000L\000A\000\040\000I\000N\000V\000E\000S\000T\000I\000G\000A\000C\000I\000\323\000N}{}% 34
\BOOKMARK [1][-]{section.3.1}{\376\377\000D\000i\000s\000e\000\361\000o\000\040\000d\000e\000\040\000l\000a\000\040\000i\000n\000v\000e\000s\000t\000i\000g\000a\000c\000i\000\363\000n}{chapter.3}% 35
\BOOKMARK [2][-]{subsection.3.1.1}{\376\377\000D\000i\000s\000e\000\361\000o\000\040\000n\000o\000\040\000e\000x\000p\000e\000r\000i\000m\000e\000n\000t\000a\000l}{section.3.1}% 36
\BOOKMARK [2][-]{subsection.3.1.2}{\376\377\000T\000i\000p\000o\000\040\000e\000x\000p\000l\000i\000c\000a\000t\000i\000v\000o}{section.3.1}% 37
\BOOKMARK [2][-]{subsection.3.1.3}{\376\377\000E\000n\000f\000o\000q\000u\000e\000\040\000c\000u\000a\000n\000t\000i\000t\000a\000t\000i\000v\000o}{section.3.1}% 38
\BOOKMARK [1][-]{section.3.2}{\376\377\000P\000o\000b\000l\000a\000c\000i\000\363\000n\000\040\000y\000\040\000m\000u\000e\000s\000t\000r\000a}{chapter.3}% 39
\BOOKMARK [1][-]{section.3.3}{\376\377\000O\000p\000e\000r\000a\000c\000i\000o\000n\000a\000l\000i\000z\000a\000c\000i\000\363\000n\000\040\000d\000e\000\040\000V\000a\000r\000i\000a\000b\000l\000e\000s}{chapter.3}% 40
\BOOKMARK [1][-]{section.3.4}{\376\377\000I\000n\000s\000t\000r\000u\000m\000e\000n\000t\000o\000s\000\040\000d\000e\000\040\000m\000e\000d\000i\000d\000a}{chapter.3}% 41
\BOOKMARK [1][-]{section.3.5}{\376\377\000T\000\351\000c\000n\000i\000c\000a\000s\000\040\000d\000e\000\040\000r\000e\000c\000o\000l\000e\000c\000c\000i\000\363\000n\000\040\000d\000e\000\040\000d\000a\000t\000o\000s}{chapter.3}% 42
\BOOKMARK [1][-]{section.3.6}{\376\377\000T\000\351\000c\000n\000i\000c\000a\000s\000\040\000p\000a\000r\000a\000\040\000e\000l\000\040\000p\000r\000o\000c\000e\000s\000a\000m\000i\000e\000n\000t\000o\000\040\000y\000\040\000a\000n\000\341\000l\000i\000s\000i\000s\000\040\000d\000e\000\040\000l\000a\000\040\000i\000n\000f\000o\000r\000m\000a\000c\000i\000\363\000n}{chapter.3}% 43
\BOOKMARK [1][-]{section.3.7}{\376\377\000C\000r\000o\000n\000o\000g\000r\000a\000m\000a\000\040\000d\000e\000\040\000a\000c\000t\000i\000v\000i\000d\000a\000d\000e\000s\000\040\000y\000\040\000p\000r\000e\000s\000u\000p\000u\000e\000s\000t\000o}{chapter.3}% 44
\BOOKMARK [0][-]{chapter.4}{\376\377\000D\000E\000S\000A\000R\000R\000O\000L\000L\000O\000\040\000D\000E\000L\000\040\000E\000X\000P\000E\000R\000I\000M\000E\000N\000T\000O}{}% 45
\BOOKMARK [1][-]{section.4.1}{\376\377\000X}{chapter.4}% 46
\BOOKMARK [1][-]{section.4.2}{\376\377\000Y}{chapter.4}% 47
\BOOKMARK [1][-]{section.4.3}{\376\377\000Z}{chapter.4}% 48
\BOOKMARK [0][-]{chapter.5}{\376\377\000A\000N\000\301\000L\000I\000S\000I\000S\000\040\000Y\000\040\000D\000I\000S\000C\000U\000S\000I\000\323\000N\000\040\000D\000E\000\040\000R\000E\000S\000U\000L\000T\000A\000D\000O\000S}{}% 49
\BOOKMARK [1][-]{section.5.1}{\376\377\000X}{chapter.5}% 50
\BOOKMARK [1][-]{section.5.2}{\376\377\000Y}{chapter.5}% 51
\BOOKMARK [1][-]{section.5.3}{\376\377\000Z}{chapter.5}% 52
\BOOKMARK [0][-]{chapter.6}{\376\377\000C\000O\000N\000C\000L\000U\000S\000I\000O\000N\000E\000S\000\040\000Y\000\040\000R\000E\000C\000O\000M\000E\000N\000D\000A\000C\000I\000O\000N\000E\000S}{}% 53
\BOOKMARK [1][-]{section.6.1}{\376\377\000C\000o\000n\000c\000l\000u\000s\000i\000o\000n\000e\000s}{chapter.6}% 54
\BOOKMARK [1][-]{section.6.2}{\376\377\000R\000e\000c\000o\000m\000e\000n\000d\000a\000c\000i\000o\000n\000e\000s}{chapter.6}% 55
\BOOKMARK [0][-]{section*.12}{\376\377\000A\000n\000e\000x\000o\000s}{}% 56
\BOOKMARK [0][-]{appendix.Alph1}{\376\377\000A\000n\000e\000x\000o\000\040\000I\000:\000\040\000M\000a\000t\000r\000i\000z\000\040\000d\000e\000\040\000C\000o\000n\000s\000i\000s\000t\000e\000n\000c\000i\000a}{}% 57
\BOOKMARK [0][-]{appendix.Alph2}{\376\377\000A\000n\000e\000x\000o\000\040\000I\000I\000:\000\040\000R\000e\000s\000u\000m\000e\000n\000\040\000d\000e\000\040\000P\000a\000p\000e\000r\000s\000\040\000i\000n\000v\000e\000s\000t\000i\000g\000a\000d\000o\000s}{}% 58
\BOOKMARK [0][-]{appendix*.15}{\376\377\000B\000I\000B\000L\000I\000O\000G\000R\000A\000F\000\315\000A}{}% 59
